Analysis & Elaboration report for AES_128
Fri May 08 00:11:20 2026
Quartus II 64-Bit Version 13.0.1 Build 232 06/12/2013 Service Pack 1 SJ Web Edition


---------------------
; Table of Contents ;
---------------------
  1. Legal Notice
  2. Analysis & Elaboration Summary
  3. Parallel Compilation
  4. Parameter Settings for User Entity Instance: MasterController:comb_3
  5. Parameter Settings for User Entity Instance: MasterController:comb_3|aes_encryption_core:ENC_UNIT
  6. Parameter Settings for User Entity Instance: MasterController:comb_3|aes_decryption_core:DEC_UNIT
  7. Analysis & Elaboration Settings
  8. Port Connectivity Checks: "MasterController:comb_3|aes_decryption_core:DEC_UNIT"
  9. Port Connectivity Checks: "MasterController:comb_3|aes_encryption_core:ENC_UNIT"
 10. Port Connectivity Checks: "MasterController:comb_3"
 11. Analysis & Elaboration Messages



----------------
; Legal Notice ;
----------------
Copyright (C) 1991-2013 Altera Corporation
Your use of Altera Corporation's design tools, logic functions 
and other software and tools, and its AMPP partner logic 
functions, and any output files from any of the foregoing 
(including device programming or simulation files), and any 
associated documentation or information are expressly subject 
to the terms and conditions of the Altera Program License 
Subscription Agreement, Altera MegaCore Function License 
Agreement, or other applicable license agreement, including, 
without limitation, that your use is for the sole purpose of 
programming logic devices manufactured by Altera and sold by 
Altera or its authorized distributors.  Please refer to the 
applicable agreement for further details.



+--------------------------------------------------------------------------------------+
; Analysis & Elaboration Summary                                                       ;
+------------------------------------+-------------------------------------------------+
; Analysis & Elaboration Status      ; Successful - Fri May 08 00:11:20 2026           ;
; Quartus II 64-Bit Version          ; 13.0.1 Build 232 06/12/2013 SP 1 SJ Web Edition ;
; Revision Name                      ; AES_128                                         ;
; Top-level Entity Name              ; top                                             ;
; Family                             ; Cyclone II                                      ;
; Total logic elements               ; N/A until Partition Merge                       ;
;     Total combinational functions  ; N/A until Partition Merge                       ;
;     Dedicated logic registers      ; N/A until Partition Merge                       ;
; Total registers                    ; N/A until Partition Merge                       ;
; Total pins                         ; N/A until Partition Merge                       ;
; Total virtual pins                 ; N/A until Partition Merge                       ;
; Total memory bits                  ; N/A until Partition Merge                       ;
; Embedded Multiplier 9-bit elements ; N/A until Partition Merge                       ;
; Total PLLs                         ; N/A until Partition Merge                       ;
+------------------------------------+-------------------------------------------------+


Parallel compilation was disabled, but you have multiple processors available. Enable parallel compilation to reduce compilation time.
+-------------------------------------+
; Parallel Compilation                ;
+----------------------------+--------+
; Processors                 ; Number ;
+----------------------------+--------+
; Number detected on machine ; 16     ;
; Maximum allowed            ; 1      ;
+----------------------------+--------+


+----------------------------------------------------------------------+
; Parameter Settings for User Entity Instance: MasterController:comb_3 ;
+----------------+-------+---------------------------------------------+
; Parameter Name ; Value ; Type                                        ;
+----------------+-------+---------------------------------------------+
; ST_IDLE        ; 000   ; Unsigned Binary                             ;
; ST_ENCRYPT     ; 001   ; Unsigned Binary                             ;
; ST_WAIT_DEC    ; 010   ; Unsigned Binary                             ;
; ST_DECRYPT     ; 011   ; Unsigned Binary                             ;
; ST_DONE        ; 100   ; Unsigned Binary                             ;
; P_IDLE         ; 00    ; Unsigned Binary                             ;
; P_READ         ; 01    ; Unsigned Binary                             ;
; P_AES_WAIT     ; 10    ; Unsigned Binary                             ;
; P_WRITE        ; 11    ; Unsigned Binary                             ;
+----------------+-------+---------------------------------------------+
Note: In order to hide this table in the UI and the text report file, please set the "Show Parameter Settings in Synthesis Report" option in "Analysis and Synthesis Settings -> More Settings" to "Off".


+---------------------------------------------------------------------------------------------------+
; Parameter Settings for User Entity Instance: MasterController:comb_3|aes_encryption_core:ENC_UNIT ;
+------------------+-------+------------------------------------------------------------------------+
; Parameter Name   ; Value ; Type                                                                   ;
+------------------+-------+------------------------------------------------------------------------+
; IDLE             ; 00    ; Unsigned Binary                                                        ;
; FIRST_ROUND      ; 01    ; Unsigned Binary                                                        ;
; NINE_ROUNDS_LOOP ; 10    ; Unsigned Binary                                                        ;
; LAST_ROUND       ; 11    ; Unsigned Binary                                                        ;
+------------------+-------+------------------------------------------------------------------------+
Note: In order to hide this table in the UI and the text report file, please set the "Show Parameter Settings in Synthesis Report" option in "Analysis and Synthesis Settings -> More Settings" to "Off".


+---------------------------------------------------------------------------------------------------+
; Parameter Settings for User Entity Instance: MasterController:comb_3|aes_decryption_core:DEC_UNIT ;
+------------------+-------+------------------------------------------------------------------------+
; Parameter Name   ; Value ; Type                                                                   ;
+------------------+-------+------------------------------------------------------------------------+
; IDLE             ; 000   ; Unsigned Binary                                                        ;
; KEY_GEN          ; 001   ; Unsigned Binary                                                        ;
; FIRST_ROUND      ; 010   ; Unsigned Binary                                                        ;
; NINE_ROUNDS_LOOP ; 011   ; Unsigned Binary                                                        ;
; LAST_ROUND       ; 100   ; Unsigned Binary                                                        ;
+------------------+-------+------------------------------------------------------------------------+
Note: In order to hide this table in the UI and the text report file, please set the "Show Parameter Settings in Synthesis Report" option in "Analysis and Synthesis Settings -> More Settings" to "Off".


+----------------------------------------------------------------------------------------------------------------------+
; Analysis & Elaboration Settings                                                                                      ;
+----------------------------------------------------------------------------+--------------------+--------------------+
; Option                                                                     ; Setting            ; Default Value      ;
+----------------------------------------------------------------------------+--------------------+--------------------+
; Device                                                                     ; EP2C35F672C6       ;                    ;
; Top-level entity name                                                      ; top                ; AES_128            ;
; Family name                                                                ; Cyclone II         ; Cyclone IV GX      ;
; Use smart compilation                                                      ; Off                ; Off                ;
; Enable parallel Assembler and TimeQuest Timing Analyzer during compilation ; On                 ; On                 ;
; Enable compact report table                                                ; Off                ; Off                ;
; Restructure Multiplexers                                                   ; Auto               ; Auto               ;
; Create Debugging Nodes for IP Cores                                        ; Off                ; Off                ;
; Preserve fewer node names                                                  ; On                 ; On                 ;
; Disable OpenCore Plus hardware evaluation                                  ; Off                ; Off                ;
; Verilog Version                                                            ; Verilog_2001       ; Verilog_2001       ;
; VHDL Version                                                               ; VHDL_1993          ; VHDL_1993          ;
; State Machine Processing                                                   ; Auto               ; Auto               ;
; Safe State Machine                                                         ; Off                ; Off                ;
; Extract Verilog State Machines                                             ; On                 ; On                 ;
; Extract VHDL State Machines                                                ; On                 ; On                 ;
; Ignore Verilog initial constructs                                          ; Off                ; Off                ;
; Iteration limit for constant Verilog loops                                 ; 5000               ; 5000               ;
; Iteration limit for non-constant Verilog loops                             ; 250                ; 250                ;
; Add Pass-Through Logic to Inferred RAMs                                    ; On                 ; On                 ;
; Infer RAMs from Raw Logic                                                  ; On                 ; On                 ;
; Parallel Synthesis                                                         ; On                 ; On                 ;
; DSP Block Balancing                                                        ; Auto               ; Auto               ;
; NOT Gate Push-Back                                                         ; On                 ; On                 ;
; Power-Up Don't Care                                                        ; On                 ; On                 ;
; Remove Redundant Logic Cells                                               ; Off                ; Off                ;
; Remove Duplicate Registers                                                 ; On                 ; On                 ;
; Ignore CARRY Buffers                                                       ; Off                ; Off                ;
; Ignore CASCADE Buffers                                                     ; Off                ; Off                ;
; Ignore GLOBAL Buffers                                                      ; Off                ; Off                ;
; Ignore ROW GLOBAL Buffers                                                  ; Off                ; Off                ;
; Ignore LCELL Buffers                                                       ; Off                ; Off                ;
; Ignore SOFT Buffers                                                        ; On                 ; On                 ;
; Limit AHDL Integers to 32 Bits                                             ; Off                ; Off                ;
; Optimization Technique                                                     ; Balanced           ; Balanced           ;
; Carry Chain Length                                                         ; 70                 ; 70                 ;
; Auto Carry Chains                                                          ; On                 ; On                 ;
; Auto Open-Drain Pins                                                       ; On                 ; On                 ;
; Perform WYSIWYG Primitive Resynthesis                                      ; Off                ; Off                ;
; Auto ROM Replacement                                                       ; On                 ; On                 ;
; Auto RAM Replacement                                                       ; On                 ; On                 ;
; Auto Shift Register Replacement                                            ; Auto               ; Auto               ;
; Allow Shift Register Merging across Hierarchies                            ; Auto               ; Auto               ;
; Auto Clock Enable Replacement                                              ; On                 ; On                 ;
; Strict RAM Replacement                                                     ; Off                ; Off                ;
; Allow Synchronous Control Signals                                          ; On                 ; On                 ;
; Force Use of Synchronous Clear Signals                                     ; Off                ; Off                ;
; Auto RAM to Logic Cell Conversion                                          ; Off                ; Off                ;
; Auto Resource Sharing                                                      ; Off                ; Off                ;
; Allow Any RAM Size For Recognition                                         ; Off                ; Off                ;
; Allow Any ROM Size For Recognition                                         ; Off                ; Off                ;
; Allow Any Shift Register Size For Recognition                              ; Off                ; Off                ;
; Use LogicLock Constraints during Resource Balancing                        ; On                 ; On                 ;
; Ignore translate_off and synthesis_off directives                          ; Off                ; Off                ;
; Timing-Driven Synthesis                                                    ; Off                ; Off                ;
; Report Parameter Settings                                                  ; On                 ; On                 ;
; Report Source Assignments                                                  ; On                 ; On                 ;
; Report Connectivity Checks                                                 ; On                 ; On                 ;
; Ignore Maximum Fan-Out Assignments                                         ; Off                ; Off                ;
; Synchronization Register Chain Length                                      ; 2                  ; 2                  ;
; PowerPlay Power Optimization                                               ; Normal compilation ; Normal compilation ;
; HDL message level                                                          ; Level2             ; Level2             ;
; Suppress Register Optimization Related Messages                            ; Off                ; Off                ;
; Number of Removed Registers Reported in Synthesis Report                   ; 5000               ; 5000               ;
; Number of Swept Nodes Reported in Synthesis Report                         ; 5000               ; 5000               ;
; Number of Inverted Registers Reported in Synthesis Report                  ; 100                ; 100                ;
; Clock MUX Protection                                                       ; On                 ; On                 ;
; Auto Gated Clock Conversion                                                ; Off                ; Off                ;
; Block Design Naming                                                        ; Auto               ; Auto               ;
; SDC constraint protection                                                  ; Off                ; Off                ;
; Synthesis Effort                                                           ; Auto               ; Auto               ;
; Shift Register Replacement - Allow Asynchronous Clear Signal               ; On                 ; On                 ;
; Pre-Mapping Resynthesis Optimization                                       ; Off                ; Off                ;
; Analysis & Synthesis Message Level                                         ; Medium             ; Medium             ;
; Disable Register Merging Across Hierarchies                                ; Auto               ; Auto               ;
; Resource Aware Inference For Block RAM                                     ; On                 ; On                 ;
; Synthesis Seed                                                             ; 1                  ; 1                  ;
+----------------------------------------------------------------------------+--------------------+--------------------+


+----------------------------------------------------------------------------------+
; Port Connectivity Checks: "MasterController:comb_3|aes_decryption_core:DEC_UNIT" ;
+---------------+-------+----------+-----------------------------------------------+
; Port          ; Type  ; Severity ; Details                                       ;
+---------------+-------+----------+-----------------------------------------------+
; key[121..120] ; Input ; Info     ; Stuck at VCC                                  ;
; key[118..113] ; Input ; Info     ; Stuck at VCC                                  ;
; key[98..97]   ; Input ; Info     ; Stuck at VCC                                  ;
; key[83..81]   ; Input ; Info     ; Stuck at VCC                                  ;
; key[79..78]   ; Input ; Info     ; Stuck at VCC                                  ;
; key[66..65]   ; Input ; Info     ; Stuck at VCC                                  ;
; key[57..52]   ; Input ; Info     ; Stuck at VCC                                  ;
; key[50..48]   ; Input ; Info     ; Stuck at VCC                                  ;
; key[40..39]   ; Input ; Info     ; Stuck at VCC                                  ;
; key[24..22]   ; Input ; Info     ; Stuck at VCC                                  ;
; key[19..16]   ; Input ; Info     ; Stuck at VCC                                  ;
; key[11..8]    ; Input ; Info     ; Stuck at VCC                                  ;
; key[5..2]     ; Input ; Info     ; Stuck at VCC                                  ;
; key[127..126] ; Input ; Info     ; Stuck at GND                                  ;
; key[112..109] ; Input ; Info     ; Stuck at GND                                  ;
; key[103..101] ; Input ; Info     ; Stuck at GND                                  ;
; key[96..94]   ; Input ; Info     ; Stuck at GND                                  ;
; key[90..88]   ; Input ; Info     ; Stuck at GND                                  ;
; key[75..74]   ; Input ; Info     ; Stuck at GND                                  ;
; key[68..67]   ; Input ; Info     ; Stuck at GND                                  ;
; key[47..45]   ; Input ; Info     ; Stuck at GND                                  ;
; key[38..36]   ; Input ; Info     ; Stuck at GND                                  ;
; key[34..28]   ; Input ; Info     ; Stuck at GND                                  ;
; key[26..25]   ; Input ; Info     ; Stuck at GND                                  ;
; key[21..20]   ; Input ; Info     ; Stuck at GND                                  ;
; key[13..12]   ; Input ; Info     ; Stuck at GND                                  ;
; key[7..6]     ; Input ; Info     ; Stuck at GND                                  ;
; key[1..0]     ; Input ; Info     ; Stuck at GND                                  ;
; key[125]      ; Input ; Info     ; Stuck at VCC                                  ;
; key[124]      ; Input ; Info     ; Stuck at GND                                  ;
; key[123]      ; Input ; Info     ; Stuck at VCC                                  ;
; key[122]      ; Input ; Info     ; Stuck at GND                                  ;
; key[119]      ; Input ; Info     ; Stuck at GND                                  ;
; key[108]      ; Input ; Info     ; Stuck at VCC                                  ;
; key[107]      ; Input ; Info     ; Stuck at GND                                  ;
; key[106]      ; Input ; Info     ; Stuck at VCC                                  ;
; key[105]      ; Input ; Info     ; Stuck at GND                                  ;
; key[104]      ; Input ; Info     ; Stuck at VCC                                  ;
; key[100]      ; Input ; Info     ; Stuck at VCC                                  ;
; key[99]       ; Input ; Info     ; Stuck at GND                                  ;
; key[93]       ; Input ; Info     ; Stuck at VCC                                  ;
; key[92]       ; Input ; Info     ; Stuck at GND                                  ;
; key[91]       ; Input ; Info     ; Stuck at VCC                                  ;
; key[87]       ; Input ; Info     ; Stuck at VCC                                  ;
; key[86]       ; Input ; Info     ; Stuck at GND                                  ;
; key[85]       ; Input ; Info     ; Stuck at VCC                                  ;
; key[84]       ; Input ; Info     ; Stuck at GND                                  ;
; key[80]       ; Input ; Info     ; Stuck at GND                                  ;
; key[77]       ; Input ; Info     ; Stuck at GND                                  ;
; key[76]       ; Input ; Info     ; Stuck at VCC                                  ;
; key[73]       ; Input ; Info     ; Stuck at VCC                                  ;
; key[72]       ; Input ; Info     ; Stuck at GND                                  ;
; key[71]       ; Input ; Info     ; Stuck at VCC                                  ;
; key[70]       ; Input ; Info     ; Stuck at GND                                  ;
; key[69]       ; Input ; Info     ; Stuck at VCC                                  ;
; key[64]       ; Input ; Info     ; Stuck at GND                                  ;
; key[63]       ; Input ; Info     ; Stuck at VCC                                  ;
; key[62]       ; Input ; Info     ; Stuck at GND                                  ;
; key[61]       ; Input ; Info     ; Stuck at VCC                                  ;
; key[60]       ; Input ; Info     ; Stuck at GND                                  ;
; key[59]       ; Input ; Info     ; Stuck at VCC                                  ;
; key[58]       ; Input ; Info     ; Stuck at GND                                  ;
; key[51]       ; Input ; Info     ; Stuck at GND                                  ;
; key[44]       ; Input ; Info     ; Stuck at VCC                                  ;
; key[43]       ; Input ; Info     ; Stuck at GND                                  ;
; key[42]       ; Input ; Info     ; Stuck at VCC                                  ;
; key[41]       ; Input ; Info     ; Stuck at GND                                  ;
; key[35]       ; Input ; Info     ; Stuck at VCC                                  ;
; key[27]       ; Input ; Info     ; Stuck at VCC                                  ;
; key[15]       ; Input ; Info     ; Stuck at GND                                  ;
; key[14]       ; Input ; Info     ; Stuck at VCC                                  ;
+---------------+-------+----------+-----------------------------------------------+


+----------------------------------------------------------------------------------+
; Port Connectivity Checks: "MasterController:comb_3|aes_encryption_core:ENC_UNIT" ;
+---------------+-------+----------+-----------------------------------------------+
; Port          ; Type  ; Severity ; Details                                       ;
+---------------+-------+----------+-----------------------------------------------+
; key[121..120] ; Input ; Info     ; Stuck at VCC                                  ;
; key[118..113] ; Input ; Info     ; Stuck at VCC                                  ;
; key[98..97]   ; Input ; Info     ; Stuck at VCC                                  ;
; key[83..81]   ; Input ; Info     ; Stuck at VCC                                  ;
; key[79..78]   ; Input ; Info     ; Stuck at VCC                                  ;
; key[66..65]   ; Input ; Info     ; Stuck at VCC                                  ;
; key[57..52]   ; Input ; Info     ; Stuck at VCC                                  ;
; key[50..48]   ; Input ; Info     ; Stuck at VCC                                  ;
; key[40..39]   ; Input ; Info     ; Stuck at VCC                                  ;
; key[24..22]   ; Input ; Info     ; Stuck at VCC                                  ;
; key[19..16]   ; Input ; Info     ; Stuck at VCC                                  ;
; key[11..8]    ; Input ; Info     ; Stuck at VCC                                  ;
; key[5..2]     ; Input ; Info     ; Stuck at VCC                                  ;
; key[127..126] ; Input ; Info     ; Stuck at GND                                  ;
; key[112..109] ; Input ; Info     ; Stuck at GND                                  ;
; key[103..101] ; Input ; Info     ; Stuck at GND                                  ;
; key[96..94]   ; Input ; Info     ; Stuck at GND                                  ;
; key[90..88]   ; Input ; Info     ; Stuck at GND                                  ;
; key[75..74]   ; Input ; Info     ; Stuck at GND                                  ;
; key[68..67]   ; Input ; Info     ; Stuck at GND                                  ;
; key[47..45]   ; Input ; Info     ; Stuck at GND                                  ;
; key[38..36]   ; Input ; Info     ; Stuck at GND                                  ;
; key[34..28]   ; Input ; Info     ; Stuck at GND                                  ;
; key[26..25]   ; Input ; Info     ; Stuck at GND                                  ;
; key[21..20]   ; Input ; Info     ; Stuck at GND                                  ;
; key[13..12]   ; Input ; Info     ; Stuck at GND                                  ;
; key[7..6]     ; Input ; Info     ; Stuck at GND                                  ;
; key[1..0]     ; Input ; Info     ; Stuck at GND                                  ;
; key[125]      ; Input ; Info     ; Stuck at VCC                                  ;
; key[124]      ; Input ; Info     ; Stuck at GND                                  ;
; key[123]      ; Input ; Info     ; Stuck at VCC                                  ;
; key[122]      ; Input ; Info     ; Stuck at GND                                  ;
; key[119]      ; Input ; Info     ; Stuck at GND                                  ;
; key[108]      ; Input ; Info     ; Stuck at VCC                                  ;
; key[107]      ; Input ; Info     ; Stuck at GND                                  ;
; key[106]      ; Input ; Info     ; Stuck at VCC                                  ;
; key[105]      ; Input ; Info     ; Stuck at GND                                  ;
; key[104]      ; Input ; Info     ; Stuck at VCC                                  ;
; key[100]      ; Input ; Info     ; Stuck at VCC                                  ;
; key[99]       ; Input ; Info     ; Stuck at GND                                  ;
; key[93]       ; Input ; Info     ; Stuck at VCC                                  ;
; key[92]       ; Input ; Info     ; Stuck at GND                                  ;
; key[91]       ; Input ; Info     ; Stuck at VCC                                  ;
; key[87]       ; Input ; Info     ; Stuck at VCC                                  ;
; key[86]       ; Input ; Info     ; Stuck at GND                                  ;
; key[85]       ; Input ; Info     ; Stuck at VCC                                  ;
; key[84]       ; Input ; Info     ; Stuck at GND                                  ;
; key[80]       ; Input ; Info     ; Stuck at GND                                  ;
; key[77]       ; Input ; Info     ; Stuck at GND                                  ;
; key[76]       ; Input ; Info     ; Stuck at VCC                                  ;
; key[73]       ; Input ; Info     ; Stuck at VCC                                  ;
; key[72]       ; Input ; Info     ; Stuck at GND                                  ;
; key[71]       ; Input ; Info     ; Stuck at VCC                                  ;
; key[70]       ; Input ; Info     ; Stuck at GND                                  ;
; key[69]       ; Input ; Info     ; Stuck at VCC                                  ;
; key[64]       ; Input ; Info     ; Stuck at GND                                  ;
; key[63]       ; Input ; Info     ; Stuck at VCC                                  ;
; key[62]       ; Input ; Info     ; Stuck at GND                                  ;
; key[61]       ; Input ; Info     ; Stuck at VCC                                  ;
; key[60]       ; Input ; Info     ; Stuck at GND                                  ;
; key[59]       ; Input ; Info     ; Stuck at VCC                                  ;
; key[58]       ; Input ; Info     ; Stuck at GND                                  ;
; key[51]       ; Input ; Info     ; Stuck at GND                                  ;
; key[44]       ; Input ; Info     ; Stuck at VCC                                  ;
; key[43]       ; Input ; Info     ; Stuck at GND                                  ;
; key[42]       ; Input ; Info     ; Stuck at VCC                                  ;
; key[41]       ; Input ; Info     ; Stuck at GND                                  ;
; key[35]       ; Input ; Info     ; Stuck at VCC                                  ;
; key[27]       ; Input ; Info     ; Stuck at VCC                                  ;
; key[15]       ; Input ; Info     ; Stuck at GND                                  ;
; key[14]       ; Input ; Info     ; Stuck at VCC                                  ;
+---------------+-------+----------+-----------------------------------------------+


+--------------------------------------------------------------------------------------------------------------------------------------------+
; Port Connectivity Checks: "MasterController:comb_3"                                                                                        ;
+-------------+--------+----------+----------------------------------------------------------------------------------------------------------+
; Port        ; Type   ; Severity ; Details                                                                                                  ;
+-------------+--------+----------+----------------------------------------------------------------------------------------------------------+
; SRAM_ADDR   ; Output ; Warning  ; Declared by entity but not connected by instance. Logic that only feeds a dangling port will be removed. ;
; SRAM_DQ     ; Bidir  ; Warning  ; Declared by entity but not connected by instance. Logic that only feeds a dangling port will be removed. ;
; SRAM_WE_N   ; Output ; Warning  ; Declared by entity but not connected by instance. Logic that only feeds a dangling port will be removed. ;
; SRAM_OE_N   ; Output ; Warning  ; Declared by entity but not connected by instance. Logic that only feeds a dangling port will be removed. ;
; SRAM_UB_N   ; Output ; Warning  ; Declared by entity but not connected by instance. Logic that only feeds a dangling port will be removed. ;
; SRAM_LB_N   ; Output ; Warning  ; Declared by entity but not connected by instance. Logic that only feeds a dangling port will be removed. ;
; SRAM_CE_N   ; Output ; Warning  ; Declared by entity but not connected by instance. Logic that only feeds a dangling port will be removed. ;
; VGA_HS      ; Output ; Warning  ; Declared by entity but not connected by instance. Logic that only feeds a dangling port will be removed. ;
; VGA_VS      ; Output ; Warning  ; Declared by entity but not connected by instance. Logic that only feeds a dangling port will be removed. ;
; VGA_R       ; Output ; Warning  ; Declared by entity but not connected by instance. Logic that only feeds a dangling port will be removed. ;
; VGA_G       ; Output ; Warning  ; Declared by entity but not connected by instance. Logic that only feeds a dangling port will be removed. ;
; VGA_B       ; Output ; Warning  ; Declared by entity but not connected by instance. Logic that only feeds a dangling port will be removed. ;
; VGA_CLK     ; Output ; Warning  ; Declared by entity but not connected by instance. Logic that only feeds a dangling port will be removed. ;
; VGA_BLANK_N ; Output ; Warning  ; Declared by entity but not connected by instance. Logic that only feeds a dangling port will be removed. ;
; VGA_SYNC_N  ; Output ; Warning  ; Declared by entity but not connected by instance. Logic that only feeds a dangling port will be removed. ;
+-------------+--------+----------+----------------------------------------------------------------------------------------------------------+


+---------------------------------+
; Analysis & Elaboration Messages ;
+---------------------------------+
Info: *******************************************************************
Info: Running Quartus II 64-Bit Analysis & Elaboration
    Info: Version 13.0.1 Build 232 06/12/2013 Service Pack 1 SJ Web Edition
    Info: Processing started: Fri May 08 00:11:19 2026
Info: Command: quartus_map --read_settings_files=on --write_settings_files=off AES_128 -c AES_128 --analysis_and_elaboration
Warning (20028): Parallel compilation is not licensed and has been disabled
Info (12021): Found 1 design units, including 1 entities, in source file top.v
    Info (12023): Found entity 1: top
Info (12021): Found 1 design units, including 1 entities, in source file mastercontroller.v
    Info (12023): Found entity 1: MasterController
Info (12021): Found 1 design units, including 1 entities, in source file aes_core/aes_decryption_core/inv_mixcolumns.v
    Info (12023): Found entity 1: Inv_MixColumns
Info (12021): Found 1 design units, including 1 entities, in source file aes_core/aes_decryption_core/inv_mix_single_column.v
    Info (12023): Found entity 1: Inv_Mix_Single_Column
Info (12021): Found 1 design units, including 1 entities, in source file aes_core/aes_decryption_core/inv_sbox_8bits.v
    Info (12023): Found entity 1: Inv_sbox_8bit
Info (12021): Found 1 design units, including 1 entities, in source file aes_core/aes_decryption_core/invsubbytes.v
    Info (12023): Found entity 1: InvSubBytes
Info (12021): Found 1 design units, including 1 entities, in source file aes_core/aes_decryption_core/invshiftrows.v
    Info (12023): Found entity 1: InvShiftRows
Info (12021): Found 1 design units, including 1 entities, in source file aes_core/aes_decryption_core/invkeyexpansion.v
    Info (12023): Found entity 1: InvKeyExpansion
Info (12021): Found 1 design units, including 1 entities, in source file aes_core/aes_decryption_core/aes_decryption_core.v
    Info (12023): Found entity 1: aes_decryption_core
Info (12021): Found 1 design units, including 1 entities, in source file aes_core/aes_encryption_core/subbytes.v
    Info (12023): Found entity 1: SubBytes
Info (12021): Found 1 design units, including 1 entities, in source file aes_core/aes_encryption_core/shiftrows.v
    Info (12023): Found entity 1: ShiftRows
Info (12021): Found 1 design units, including 1 entities, in source file aes_core/aes_encryption_core/sbox_8bits.v
    Info (12023): Found entity 1: Sbox_8bits
Info (12021): Found 1 design units, including 1 entities, in source file aes_core/aes_encryption_core/rcon_gen.v
    Info (12023): Found entity 1: rcon_gen
Info (12021): Found 1 design units, including 1 entities, in source file aes_core/aes_encryption_core/mixcolumns.v
    Info (12023): Found entity 1: MixColumns
Info (12021): Found 1 design units, including 1 entities, in source file aes_core/aes_encryption_core/mix_single_column.v
    Info (12023): Found entity 1: Mix_Single_Column
Info (12021): Found 1 design units, including 1 entities, in source file aes_core/aes_encryption_core/keyexpansion.v
    Info (12023): Found entity 1: KeyExpansion
Info (12021): Found 1 design units, including 1 entities, in source file aes_core/aes_encryption_core/aes_encryption_core.v
    Info (12023): Found entity 1: aes_encryption_core
Info (12021): Found 1 design units, including 1 entities, in source file aes_core/aes_encryption_core/addroundkey.v
    Info (12023): Found entity 1: AddRoundKey
Info (12021): Found 1 design units, including 1 entities, in source file de2_vga_test.v
    Info (12023): Found entity 1: DE2_VGA_Test
Info (12021): Found 1 design units, including 1 entities, in source file sram_controller.v
    Info (12023): Found entity 1: sram_controller
Info (12021): Found 1 design units, including 1 entities, in source file vga_controller.v
    Info (12023): Found entity 1: vga_controller
Critical Warning (10846): Verilog HDL Instantiation warning at top.v(2): instance has no name
Info (12127): Elaborating entity "top" for the top level hierarchy
Info (12128): Elaborating entity "MasterController" for hierarchy "MasterController:comb_3"
Warning (10230): Verilog HDL assignment warning at MasterController.v(93): truncated value with size 32 to match size of target (18)
Warning (10230): Verilog HDL assignment warning at MasterController.v(160): truncated value with size 32 to match size of target (18)
Warning (10230): Verilog HDL assignment warning at MasterController.v(166): truncated value with size 32 to match size of target (3)
Warning (10230): Verilog HDL assignment warning at MasterController.v(177): truncated value with size 32 to match size of target (18)
Warning (10230): Verilog HDL assignment warning at MasterController.v(186): truncated value with size 32 to match size of target (7)
Warning (10230): Verilog HDL assignment warning at MasterController.v(188): truncated value with size 32 to match size of target (7)
Warning (10230): Verilog HDL assignment warning at MasterController.v(190): truncated value with size 32 to match size of target (4)
Warning (10230): Verilog HDL assignment warning at MasterController.v(191): truncated value with size 32 to match size of target (3)
Info (12128): Elaborating entity "vga_controller" for hierarchy "MasterController:comb_3|vga_controller:VGA_UNIT"
Warning (10230): Verilog HDL assignment warning at vga_controller.v(25): truncated value with size 32 to match size of target (10)
Warning (10230): Verilog HDL assignment warning at vga_controller.v(27): truncated value with size 32 to match size of target (10)
Info (12128): Elaborating entity "sram_controller" for hierarchy "MasterController:comb_3|sram_controller:SRAM_UNIT"
Info (12128): Elaborating entity "aes_encryption_core" for hierarchy "MasterController:comb_3|aes_encryption_core:ENC_UNIT"
Info (12128): Elaborating entity "rcon_gen" for hierarchy "MasterController:comb_3|aes_encryption_core:ENC_UNIT|rcon_gen:RC"
Info (12128): Elaborating entity "KeyExpansion" for hierarchy "MasterController:comb_3|aes_encryption_core:ENC_UNIT|KeyExpansion:KE"
Info (12128): Elaborating entity "Sbox_8bits" for hierarchy "MasterController:comb_3|aes_encryption_core:ENC_UNIT|KeyExpansion:KE|Sbox_8bits:sb0"
Info (12128): Elaborating entity "SubBytes" for hierarchy "MasterController:comb_3|aes_encryption_core:ENC_UNIT|SubBytes:SB"
Info (12128): Elaborating entity "ShiftRows" for hierarchy "MasterController:comb_3|aes_encryption_core:ENC_UNIT|ShiftRows:SR"
Info (12128): Elaborating entity "MixColumns" for hierarchy "MasterController:comb_3|aes_encryption_core:ENC_UNIT|MixColumns:MC"
Info (12128): Elaborating entity "Mix_Single_Column" for hierarchy "MasterController:comb_3|aes_encryption_core:ENC_UNIT|MixColumns:MC|Mix_Single_Column:msc0"
Info (12128): Elaborating entity "AddRoundKey" for hierarchy "MasterController:comb_3|aes_encryption_core:ENC_UNIT|AddRoundKey:ARK"
Info (12128): Elaborating entity "aes_decryption_core" for hierarchy "MasterController:comb_3|aes_decryption_core:DEC_UNIT"
Warning (10230): Verilog HDL assignment warning at aes_decryption_core.v(17): truncated value with size 32 to match size of target (4)
Info (12128): Elaborating entity "InvKeyExpansion" for hierarchy "MasterController:comb_3|aes_decryption_core:DEC_UNIT|InvKeyExpansion:IKE"
Info (12128): Elaborating entity "InvSubBytes" for hierarchy "MasterController:comb_3|aes_decryption_core:DEC_UNIT|InvSubBytes:ISB"
Info (12128): Elaborating entity "Inv_sbox_8bit" for hierarchy "MasterController:comb_3|aes_decryption_core:DEC_UNIT|InvSubBytes:ISB|Inv_sbox_8bit:isb0"
Info (12128): Elaborating entity "InvShiftRows" for hierarchy "MasterController:comb_3|aes_decryption_core:DEC_UNIT|InvShiftRows:ISR"
Info (12128): Elaborating entity "Inv_MixColumns" for hierarchy "MasterController:comb_3|aes_decryption_core:DEC_UNIT|Inv_MixColumns:IMC"
Info (12128): Elaborating entity "Inv_Mix_Single_Column" for hierarchy "MasterController:comb_3|aes_decryption_core:DEC_UNIT|Inv_MixColumns:IMC|Inv_Mix_Single_Column:imsc0"
Warning (12241): 1 hierarchies have connectivity warnings - see the Connectivity Checks report folder
Info: Quartus II 64-Bit Analysis & Elaboration was successful. 0 errors, 14 warnings
    Info: Peak virtual memory: 4607 megabytes
    Info: Processing ended: Fri May 08 00:11:20 2026
    Info: Elapsed time: 00:00:01
    Info: Total CPU time (on all processors): 00:00:02


